这是一个info信息
这是一个warning信息
这是一个error信息
这是一个critical信息
2019-05-08 16:59:02,927-INFO-rizhi_0105.py-python13-日志信息:这是一个info信息
2019-05-08 16:59:02,927-WARNING-rizhi_0105.py-python13-日志信息:这是一个warning信息
2019-05-08 16:59:02,927-ERROR-rizhi_0105.py-python13-日志信息:这是一个error信息
2019-05-08 16:59:02,928-CRITICAL-rizhi_0105.py-python13-日志信息:这是一个critical信息
2019-05-08 16:59:58,386-[INFO]-[rizhi_0105.py]-[python13]-[日志信息]:这是一个info信息
2019-05-08 16:59:58,386-[WARNING]-[rizhi_0105.py]-[python13]-[日志信息]:这是一个warning信息
2019-05-08 16:59:58,386-[ERROR]-[rizhi_0105.py]-[python13]-[日志信息]:这是一个error信息
2019-05-08 16:59:58,387-[CRITICAL]-[rizhi_0105.py]-[python13]-[日志信息]:这是一个critical信息
2019-05-08 17:18:15,326-[INFO]-[my_log.py]-[python13]-[日志信息]:这是一个info信息
2019-05-08 17:18:15,326-[WARNING]-[my_log.py]-[python13]-[日志信息]:这是一个warning信息
2019-05-08 17:18:15,327-[ERROR]-[my_log.py]-[python13]-[日志信息]:这是一个error信息
2019-05-08 17:18:15,327-[CRITICAL]-[my_log.py]-[python13]-[日志信息]:这是一个critical信息
2019-05-08 17:24:24,184-[ERROR]-[my_log.py]-[python13]-[日志信息]:我是python
2019-05-08 17:33:49,692-[CRITICAL]-[my_log.py]-[python13]-[日志信息]:我是debug
2019-05-08 19:36:46,285-[INFO]-[my_log.py]-[python13]-[日志信息]:开始执行用例
2019-05-08 19:36:46,371-[INFO]-[my_log.py]-[python13]-[日志信息]:开始执行第1条用例：两个0相加
2019-05-08 19:36:46,638-[INFO]-[my_log.py]-[python13]-[日志信息]:用例执行完毕
2019-05-08 19:36:46,647-[INFO]-[my_log.py]-[python13]-[日志信息]:开始执行用例
2019-05-08 19:36:46,658-[INFO]-[my_log.py]-[python13]-[日志信息]:开始执行第2条用例：负数和0相加
2019-05-08 19:36:46,870-[INFO]-[my_log.py]-[python13]-[日志信息]:用例执行完毕
2019-05-08 19:36:46,879-[INFO]-[my_log.py]-[python13]-[日志信息]:开始执行用例
2019-05-08 19:36:46,886-[INFO]-[my_log.py]-[python13]-[日志信息]:开始执行第3条用例：正数和0相加
2019-05-08 19:36:47,034-[INFO]-[my_log.py]-[python13]-[日志信息]:用例执行完毕
2019-05-08 19:36:47,038-[INFO]-[my_log.py]-[python13]-[日志信息]:开始执行用例
2019-05-08 19:36:47,046-[INFO]-[my_log.py]-[python13]-[日志信息]:开始执行第4条用例：两个浮点数相加
2019-05-08 19:36:47,189-[INFO]-[my_log.py]-[python13]-[日志信息]:用例执行完毕
2019-05-08 19:36:47,194-[INFO]-[my_log.py]-[python13]-[日志信息]:开始执行用例
2019-05-08 19:36:47,197-[INFO]-[my_log.py]-[python13]-[日志信息]:开始执行第5条用例：浮点数和0相加
2019-05-08 19:36:47,336-[INFO]-[my_log.py]-[python13]-[日志信息]:用例执行完毕
2019-05-08 19:36:47,344-[INFO]-[my_log.py]-[python13]-[日志信息]:开始执行用例
2019-05-08 19:36:47,354-[INFO]-[my_log.py]-[python13]-[日志信息]:开始执行第6条用例：浮点数和正数相加
2019-05-08 19:36:47,579-[INFO]-[my_log.py]-[python13]-[日志信息]:用例执行完毕
2019-05-08 19:36:47,585-[INFO]-[my_log.py]-[python13]-[日志信息]:开始执行用例
2019-05-08 19:36:47,592-[INFO]-[my_log.py]-[python13]-[日志信息]:开始执行第7条用例：浮点数和负数相加
2019-05-08 19:36:47,833-[INFO]-[my_log.py]-[python13]-[日志信息]:用例执行完毕
2019-05-08 19:36:47,839-[INFO]-[my_log.py]-[python13]-[日志信息]:开始执行用例
2019-05-08 19:36:47,847-[INFO]-[my_log.py]-[python13]-[日志信息]:开始执行第8条用例：两个正数相加
2019-05-08 19:36:48,081-[INFO]-[my_log.py]-[python13]-[日志信息]:用例执行完毕
2019-05-08 19:36:48,085-[INFO]-[my_log.py]-[python13]-[日志信息]:开始执行用例
2019-05-08 19:36:48,096-[INFO]-[my_log.py]-[python13]-[日志信息]:开始执行第9条用例：一正一负相加
2019-05-08 19:36:48,247-[INFO]-[my_log.py]-[python13]-[日志信息]:用例执行完毕
2019-05-08 19:39:04,627-[INFO]-[my_log.py]-[python13]-[日志信息]:开始执行用例
2019-05-08 19:39:04,632-[INFO]-[my_log.py]-[python13]-[日志信息]:开始执行第1条用例：两个0相加
2019-05-08 19:39:04,775-[INFO]-[my_log.py]-[python13]-[日志信息]:用例执行完毕
2019-05-08 19:39:04,781-[INFO]-[my_log.py]-[python13]-[日志信息]:开始执行用例
2019-05-08 19:39:04,786-[INFO]-[my_log.py]-[python13]-[日志信息]:开始执行第2条用例：负数和0相加
2019-05-08 19:39:04,931-[INFO]-[my_log.py]-[python13]-[日志信息]:用例执行完毕
2019-05-08 19:39:04,935-[INFO]-[my_log.py]-[python13]-[日志信息]:开始执行用例
2019-05-08 19:39:04,939-[INFO]-[my_log.py]-[python13]-[日志信息]:开始执行第3条用例：正数和0相加
2019-05-08 19:39:05,070-[INFO]-[my_log.py]-[python13]-[日志信息]:用例执行完毕
2019-05-08 19:39:05,074-[INFO]-[my_log.py]-[python13]-[日志信息]:开始执行用例
2019-05-08 19:39:05,079-[INFO]-[my_log.py]-[python13]-[日志信息]:开始执行第4条用例：两个浮点数相加
2019-05-08 19:39:05,226-[INFO]-[my_log.py]-[python13]-[日志信息]:用例执行完毕
2019-05-08 19:39:05,232-[INFO]-[my_log.py]-[python13]-[日志信息]:开始执行用例
2019-05-08 19:39:05,236-[INFO]-[my_log.py]-[python13]-[日志信息]:开始执行第5条用例：浮点数和0相加
2019-05-08 19:39:05,367-[INFO]-[my_log.py]-[python13]-[日志信息]:用例执行完毕
2019-05-08 19:39:05,372-[INFO]-[my_log.py]-[python13]-[日志信息]:开始执行用例
2019-05-08 19:39:05,376-[INFO]-[my_log.py]-[python13]-[日志信息]:开始执行第6条用例：浮点数和正数相加
2019-05-08 19:39:05,518-[INFO]-[my_log.py]-[python13]-[日志信息]:用例执行完毕
2019-05-08 19:39:05,522-[INFO]-[my_log.py]-[python13]-[日志信息]:开始执行用例
2019-05-08 19:39:05,526-[INFO]-[my_log.py]-[python13]-[日志信息]:开始执行第7条用例：浮点数和负数相加
2019-05-08 19:39:05,678-[INFO]-[my_log.py]-[python13]-[日志信息]:用例执行完毕
2019-05-08 19:39:05,685-[INFO]-[my_log.py]-[python13]-[日志信息]:开始执行用例
2019-05-08 19:39:05,690-[INFO]-[my_log.py]-[python13]-[日志信息]:开始执行第8条用例：两个正数相加
2019-05-08 19:39:05,835-[INFO]-[my_log.py]-[python13]-[日志信息]:用例执行完毕
2019-05-08 19:39:05,839-[INFO]-[my_log.py]-[python13]-[日志信息]:开始执行用例
2019-05-08 19:39:05,843-[INFO]-[my_log.py]-[python13]-[日志信息]:开始执行第9条用例：一正一负相加
2019-05-08 19:39:05,982-[INFO]-[my_log.py]-[python13]-[日志信息]:用例执行完毕
2019-05-09 10:50:50,296-[INFO]-[my_log.py]-[python13]-[日志信息]:开始执行用例
2019-05-09 10:50:50,416-[INFO]-[my_log.py]-[python13]-[日志信息]:开始执行第id条用例：title
2019-05-09 10:50:50,417-[CRITICAL]-[my_log.py]-[python13]-[日志信息]:断言出错： :: excepted != ab
2019-05-09 10:50:50,432-[INFO]-[my_log.py]-[python13]-[日志信息]:用例执行完毕
2019-05-09 10:50:50,463-[INFO]-[my_log.py]-[python13]-[日志信息]:开始执行用例
2019-05-09 10:50:50,464-[INFO]-[my_log.py]-[python13]-[日志信息]:开始执行第1条用例：两个0相加
2019-05-09 10:50:50,718-[INFO]-[my_log.py]-[python13]-[日志信息]:用例执行完毕
2019-05-09 10:50:50,719-[INFO]-[my_log.py]-[python13]-[日志信息]:开始执行用例
2019-05-09 10:50:50,720-[INFO]-[my_log.py]-[python13]-[日志信息]:开始执行第2条用例：负数和0相加
2019-05-09 10:50:50,961-[INFO]-[my_log.py]-[python13]-[日志信息]:用例执行完毕
2019-05-09 11:14:34,810-[INFO]-[my_log.py]-[python13]-[日志信息]:开始执行用例
2019-05-09 11:14:34,819-[INFO]-[my_log.py]-[python13]-[日志信息]:开始执行第id条用例：title
2019-05-09 11:14:34,820-[CRITICAL]-[my_log.py]-[python13]-[日志信息]:断言出错： :: excepted != ab
2019-05-09 11:14:34,821-[INFO]-[my_log.py]-[python13]-[日志信息]:用例执行完毕
2019-05-09 11:14:34,827-[INFO]-[my_log.py]-[python13]-[日志信息]:开始执行用例
2019-05-09 11:14:34,827-[INFO]-[my_log.py]-[python13]-[日志信息]:开始执行第1条用例：两个0相加
2019-05-09 11:14:34,952-[INFO]-[my_log.py]-[python13]-[日志信息]:用例执行完毕
2019-05-09 11:14:34,954-[INFO]-[my_log.py]-[python13]-[日志信息]:开始执行用例
2019-05-09 11:14:34,957-[INFO]-[my_log.py]-[python13]-[日志信息]:开始执行第2条用例：负数和0相加
2019-05-09 11:14:35,098-[INFO]-[my_log.py]-[python13]-[日志信息]:用例执行完毕
2019-05-09 11:18:13,788-[INFO]-[my_log.py]-[python13]-[日志信息]:开始执行用例
2019-05-09 11:19:22,719-[INFO]-[my_log.py]-[python13]-[日志信息]:开始执行用例
2019-05-09 11:19:45,356-[INFO]-[my_log.py]-[python13]-[日志信息]:开始执行用例
2019-05-09 11:22:48,585-[INFO]-[my_log.py]-[python13]-[日志信息]:开始执行用例
2019-05-09 11:22:59,311-[INFO]-[my_log.py]-[python13]-[日志信息]:开始执行第1条用例：两个0相加
2019-05-09 11:23:30,413-[INFO]-[my_log.py]-[python13]-[日志信息]:开始执行用例
2019-05-09 11:23:30,428-[INFO]-[my_log.py]-[python13]-[日志信息]:开始执行第1条用例：两个0相加
2019-05-09 11:23:30,474-[INFO]-[my_log.py]-[python13]-[日志信息]:用例执行完毕
2019-05-09 11:23:30,524-[INFO]-[my_log.py]-[python13]-[日志信息]:开始执行用例
2019-05-09 11:23:30,526-[INFO]-[my_log.py]-[python13]-[日志信息]:开始执行第2条用例：负数和0相加
2019-05-09 11:23:30,565-[INFO]-[my_log.py]-[python13]-[日志信息]:用例执行完毕
2019-05-09 11:23:30,566-[INFO]-[my_log.py]-[python13]-[日志信息]:开始执行用例
2019-05-09 11:23:30,567-[INFO]-[my_log.py]-[python13]-[日志信息]:开始执行第3条用例：正数和0相加
2019-05-09 11:23:30,609-[INFO]-[my_log.py]-[python13]-[日志信息]:用例执行完毕
2019-05-09 11:24:08,551-[INFO]-[my_log.py]-[python13]-[日志信息]:开始执行用例
2019-05-09 11:24:08,560-[INFO]-[my_log.py]-[python13]-[日志信息]:开始执行第1条用例：两个0相加
2019-05-09 11:24:08,685-[INFO]-[my_log.py]-[python13]-[日志信息]:用例执行完毕
2019-05-09 11:24:08,687-[INFO]-[my_log.py]-[python13]-[日志信息]:开始执行用例
2019-05-09 11:24:08,688-[INFO]-[my_log.py]-[python13]-[日志信息]:开始执行第2条用例：负数和0相加
2019-05-09 11:24:08,817-[INFO]-[my_log.py]-[python13]-[日志信息]:用例执行完毕
2019-05-09 11:24:08,818-[INFO]-[my_log.py]-[python13]-[日志信息]:开始执行用例
2019-05-09 11:24:08,819-[INFO]-[my_log.py]-[python13]-[日志信息]:开始执行第3条用例：正数和0相加
2019-05-09 11:24:08,951-[INFO]-[my_log.py]-[python13]-[日志信息]:用例执行完毕
2019-05-09 11:25:30,126-[INFO]-[my_log.py]-[python13]-[日志信息]:开始执行用例
2019-05-09 11:25:30,127-[INFO]-[my_log.py]-[python13]-[日志信息]:开始执行第1条用例：两个0相加
2019-05-09 11:25:30,294-[INFO]-[my_log.py]-[python13]-[日志信息]:用例执行完毕
2019-05-09 11:25:30,295-[INFO]-[my_log.py]-[python13]-[日志信息]:开始执行用例
2019-05-09 11:25:30,296-[INFO]-[my_log.py]-[python13]-[日志信息]:开始执行第2条用例：负数和0相加
2019-05-09 11:25:30,438-[INFO]-[my_log.py]-[python13]-[日志信息]:用例执行完毕
2019-05-09 11:25:30,439-[INFO]-[my_log.py]-[python13]-[日志信息]:开始执行用例
2019-05-09 11:25:30,440-[INFO]-[my_log.py]-[python13]-[日志信息]:开始执行第3条用例：正数和0相加
2019-05-09 11:25:30,551-[INFO]-[my_log.py]-[python13]-[日志信息]:用例执行完毕
2019-05-09 11:25:43,853-[INFO]-[my_log.py]-[python13]-[日志信息]:开始执行用例
2019-05-09 11:25:43,854-[INFO]-[my_log.py]-[python13]-[日志信息]:开始执行第1条用例：两个0相加
2019-05-09 11:25:43,969-[INFO]-[my_log.py]-[python13]-[日志信息]:用例执行完毕
2019-05-09 11:25:43,970-[INFO]-[my_log.py]-[python13]-[日志信息]:开始执行用例
2019-05-09 11:25:43,970-[INFO]-[my_log.py]-[python13]-[日志信息]:开始执行第2条用例：负数和0相加
2019-05-09 11:25:44,085-[INFO]-[my_log.py]-[python13]-[日志信息]:用例执行完毕
2019-05-09 11:25:44,085-[INFO]-[my_log.py]-[python13]-[日志信息]:开始执行用例
2019-05-09 11:25:44,086-[INFO]-[my_log.py]-[python13]-[日志信息]:开始执行第3条用例：正数和0相加
2019-05-09 11:25:44,193-[INFO]-[my_log.py]-[python13]-[日志信息]:用例执行完毕
